Debug: Platform: Linux,4.9.93-boot2docker,x86_64,-jnone,-smalloc,-smalloc,-hcritbit

Debug: Child (142) Started
Info: Child (142) said Child starts
Error: Child (142) died signal=11
Error: Child (142) Last panic at: Mon, 29 Jul 2019 18:05:48 GMT
"Wrong turn at cache/cache_session.c:551:
Clock step detected
thread = (cache-worker)
version = varnish-4.1.10 revision 1d090c5a08f41c36562644bafcce9d3cb85d824f
ident = Linux,4.9.93-boot2docker,x86_64,-jnone,-smalloc,-smalloc,-hcritbit,epoll
now = 24976.356964 (mono), 1564423547.882036 (real)
Backtrace:
  0x556c85eb1b0d: varnishd(+0x47b0d) [0x556c85eb1b0d]
  0x556c85eb1f86: varnishd(+0x47f86) [0x556c85eb1f86]
  0x556c85ebc6e1: varnishd(SES_Delete+0x1e2) [0x556c85ebc6e1]
  0x556c85eb3d25: varnishd(Req_Cleanup+0x468) [0x556c85eb3d25]
  0x556c85ed9a0d: varnishd(HTTP1_Session+0x7fd) [0x556c85ed9a0d]
  0x556c85ebb7eb: varnishd(SES_Proto_Req+0x14c) [0x556c85ebb7eb]
  0x556c85ed1bac: varnishd(+0x67bac) [0x556c85ed1bac]
  0x556c85ed05c4: varnishd(+0x665c4) [0x556c85ed05c4]
  0x556c85ed1cf4: varnishd(+0x67cf4) [0x556c85ed1cf4]
  0x7fdb289d8494: libpthread.so.0(+0x7494) [0x7fdb289d8494]
req = 0x7fdb19632020 {
  MAGIC 0x00000000 (Should:REQ_MAGIC/0x2751aaa1)
  vxid = 0, step = R_STP_RESTART,
  req_body = R_BODY_INIT,
  restarts = 0, esi_level = 0,
  ws = 0x7fdb19632200 {
    MAGIC 0x00000000 (Should:WS_MAGIC/0x35fac554)
    id = \"\",
    {s,f,r,e} = {(nil),(nil),(nil),(nil)},
  },
  http[req] = (nil) {
"
Debug: Child cleanup complete
Debug: Child (19605) Started
Info: Child (19605) said Child starts
Error: Manager got SIGINT
Debug: Stopping Child
Info: Child (19605) ended
