[27-Jul-2019 13:30:40] NOTICE: fpm is running, pid 16
[27-Jul-2019 13:30:40] NOTICE: ready to handle connections
[27-Jul-2019 19:22:13] NOTICE: Terminating ...
[27-Jul-2019 19:22:13] NOTICE: exiting, bye-bye!
[28-Jul-2019 09:37:15] NOTICE: fpm is running, pid 55
[28-Jul-2019 09:37:15] NOTICE: ready to handle connections
[28-Jul-2019 19:12:30] NOTICE: Terminating ...
[28-Jul-2019 19:12:31] NOTICE: exiting, bye-bye!
[29-Jul-2019 09:33:12] NOTICE: fpm is running, pid 24
[29-Jul-2019 09:33:12] NOTICE: ready to handle connections
[29-Jul-2019 18:31:28] NOTICE: Terminating ...
[29-Jul-2019 18:31:28] NOTICE: exiting, bye-bye!
[30-Jul-2019 05:59:31] NOTICE: fpm is running, pid 58
[30-Jul-2019 05:59:31] NOTICE: ready to handle connections
[30-Jul-2019 08:07:48] NOTICE: fpm is running, pid 72
[30-Jul-2019 08:07:48] NOTICE: ready to handle connections
[30-Jul-2019 17:09:09] NOTICE: Terminating ...
[30-Jul-2019 17:09:09] NOTICE: exiting, bye-bye!
[30-Jul-2019 19:20:55] NOTICE: fpm is running, pid 228
[30-Jul-2019 19:20:55] NOTICE: ready to handle connections
[30-Jul-2019 21:08:18] NOTICE: Terminating ...
[30-Jul-2019 21:08:18] NOTICE: exiting, bye-bye!
[30-Jul-2019 21:15:26] NOTICE: fpm is running, pid 89
[30-Jul-2019 21:15:26] NOTICE: ready to handle connections
[31-Jul-2019 12:35:27] NOTICE: Terminating ...
[31-Jul-2019 12:35:27] NOTICE: exiting, bye-bye!
[01-Aug-2019 06:55:00] NOTICE: fpm is running, pid 102
[01-Aug-2019 06:55:00] NOTICE: ready to handle connections
