2019-07-27T13:30:28.641324Z 0 [Warning] TIMESTAMP with implicit DEFAULT value is deprecated. Please use --explicit_defaults_for_timestamp server option (see documentation for more details).
2019-07-27T13:30:28.790511Z 0 [Note] /usr/sbin/mysqld (mysqld 5.7.23) starting as process 22 ...
2019-07-27T13:30:30.814496Z 0 [Note] InnoDB: PUNCH HOLE support available
2019-07-27T13:30:30.814880Z 0 [Note] InnoDB: Mutexes and rw_locks use GCC atomic builtins
2019-07-27T13:30:30.815096Z 0 [Note] InnoDB: Uses event mutexes
2019-07-27T13:30:30.815677Z 0 [Note] InnoDB: GCC builtin __atomic_thread_fence() is used for memory barrier
2019-07-27T13:30:30.816304Z 0 [Note] InnoDB: Compressed tables use zlib 1.2.3
2019-07-27T13:30:30.816637Z 0 [Note] InnoDB: Using Linux native AIO
2019-07-27T13:30:31.052470Z 0 [Note] InnoDB: Number of pools: 1
2019-07-27T13:30:31.390269Z 0 [Note] InnoDB: Using CPU crc32 instructions
2019-07-27T13:30:31.539057Z 0 [Note] InnoDB: Initializing buffer pool, total size = 32M, instances = 1, chunk size = 32M
2019-07-27T13:30:31.707519Z 0 [Note] InnoDB: Completed initialization of buffer pool
2019-07-27T13:30:31.786914Z 0 [Note] InnoDB: If the mysqld execution user is authorized, page cleaner thread priority can be changed. See the man page of setpriority().
2019-07-27T13:30:32.468932Z 0 [Note] InnoDB: Highest supported file format is Barracuda.
2019-07-27T13:30:32.875332Z 0 [Note] InnoDB: Log scan progressed past the checkpoint lsn 2588963
2019-07-27T13:30:32.877992Z 0 [Note] InnoDB: Doing recovery: scanned up to log sequence number 2591784
2019-07-27T13:30:32.963649Z 0 [Note] InnoDB: Database was not shutdown normally!
2019-07-27T13:30:32.964431Z 0 [Note] InnoDB: Starting crash recovery.
2019-07-27T13:30:43.629694Z 0 [Note] InnoDB: Starting an apply batch of log records to the database...
InnoDB: Progress in percent: 27 28 29 30 31 32 33 34 35 36 37 38 39 40 41 42 43 44 45 46 47 48 49 50 51 52 53 54 55 56 57 58 59 60 61 62 63 64 65 66 67 68 69 70 71 72 73 74 75 76 77 78 79 80 81 82 83 84 85 86 87 88 89 90 91 92 93 94 95 96 97 98 99 
2019-07-27T13:30:43.891742Z 0 [Note] InnoDB: Apply batch completed
2019-07-27T13:30:48.210310Z 0 [Note] InnoDB: Removed temporary tablespace data file: "ibtmp1"
2019-07-27T13:30:48.212915Z 0 [Note] InnoDB: Creating shared tablespace for temporary tables
2019-07-27T13:30:48.294659Z 0 [Note] InnoDB: Setting file './ibtmp1' size to 12 MB. Physically writing the file full; Please wait ...
2019-07-27T13:30:50.335426Z 0 [Note] InnoDB: File './ibtmp1' size is now 12 MB.
2019-07-27T13:30:50.338200Z 0 [Note] InnoDB: 96 redo rollback segment(s) found. 96 redo rollback segment(s) are active.
2019-07-27T13:30:50.340891Z 0 [Note] InnoDB: 32 non-redo rollback segment(s) are active.
2019-07-27T13:30:50.349030Z 0 [Note] InnoDB: page_cleaner: 1000ms intended loop took 18563ms. The settings might not be optimal. (flushed=0 and evicted=0, during the time.)
2019-07-27T13:30:50.349306Z 0 [Note] InnoDB: 5.7.23 started; log sequence number 2591784
2019-07-27T13:30:50.364394Z 0 [Note] InnoDB: Loading buffer pool(s) from /var/lib/mysql/ib_buffer_pool
2019-07-27T13:30:50.682495Z 0 [Note] Plugin 'FEDERATED' is disabled.
2019-07-27T13:30:52.547392Z 0 [Note] InnoDB: Buffer pool(s) load completed at 190727 13:30:52
2019-07-27T13:30:52.864077Z 0 [Warning] Failed to set up SSL because of the following SSL library error: SSL context is not usable without certificate and private key
2019-07-27T13:30:52.864548Z 0 [Note] Server hostname (bind-address): '*'; port: 3306
2019-07-27T13:30:52.929280Z 0 [Note] IPv6 is available.
2019-07-27T13:30:52.939193Z 0 [Note]   - '::' resolves to '::';
2019-07-27T13:30:52.940090Z 0 [Note] Server socket created on IP: '::'.
2019-07-27T13:30:53.454714Z 0 [Warning] Insecure configuration for --pid-file: Location '/var/run/mysqld' in the path is accessible to all OS users. Consider choosing a different directory.
2019-07-27T13:30:55.360935Z 0 [ERROR] /usr/sbin/mysqld: Table './mysql/user' is marked as crashed and should be repaired
2019-07-27T13:30:55.362359Z 0 [Warning] Checking table:   './mysql/user'
2019-07-27T13:30:55.362865Z 0 [ERROR] 1 client is using or hasn't closed the table properly
2019-07-27T13:30:55.744855Z 0 [Warning] 'user' entry 'root@localhost' ignored in --skip-name-resolve mode.
2019-07-27T13:30:55.745202Z 0 [Warning] 'user' entry 'mysql.session@localhost' ignored in --skip-name-resolve mode.
2019-07-27T13:30:55.745370Z 0 [Warning] 'user' entry 'mysql.sys@localhost' ignored in --skip-name-resolve mode.
2019-07-27T13:30:55.776959Z 0 [Warning] 'db' entry 'performance_schema mysql.session@localhost' ignored in --skip-name-resolve mode.
2019-07-27T13:30:55.777338Z 0 [Warning] 'db' entry 'sys mysql.sys@localhost' ignored in --skip-name-resolve mode.
2019-07-27T13:30:55.841163Z 0 [Warning] 'proxies_priv' entry '@ root@localhost' ignored in --skip-name-resolve mode.
2019-07-27T13:30:56.624008Z 0 [Warning] 'tables_priv' entry 'user mysql.session@localhost' ignored in --skip-name-resolve mode.
2019-07-27T13:30:56.624281Z 0 [Warning] 'tables_priv' entry 'sys_config mysql.sys@localhost' ignored in --skip-name-resolve mode.
2019-07-27T13:30:58.315233Z 0 [Note] Event Scheduler: Loaded 0 events
2019-07-27T13:30:58.322977Z 0 [Note] /usr/sbin/mysqld: ready for connections.
Version: '5.7.23'  socket: '/var/run/mysqld/mysqld.sock'  port: 3306  MySQL Community Server (GPL)
2019-07-27T13:37:25.254710Z 4 [ERROR] /usr/sbin/mysqld: Table './mysql/proc' is marked as crashed and should be repaired
2019-07-27T13:37:25.256430Z 4 [Warning] Checking table:   './mysql/proc'
2019-07-27T13:37:25.664882Z 6 [Warning] 'user' entry 'root@localhost' ignored in --skip-name-resolve mode.
2019-07-27T13:37:25.668757Z 6 [Warning] 'user' entry 'mysql.session@localhost' ignored in --skip-name-resolve mode.
2019-07-27T13:37:25.669237Z 6 [Warning] 'user' entry 'mysql.sys@localhost' ignored in --skip-name-resolve mode.
2019-07-27T13:37:25.669680Z 6 [Warning] 'db' entry 'performance_schema mysql.session@localhost' ignored in --skip-name-resolve mode.
2019-07-27T13:37:25.669908Z 6 [Warning] 'db' entry 'sys mysql.sys@localhost' ignored in --skip-name-resolve mode.
2019-07-27T13:37:25.670083Z 6 [Warning] 'proxies_priv' entry '@ root@localhost' ignored in --skip-name-resolve mode.
2019-07-27T13:37:25.672387Z 6 [Warning] 'tables_priv' entry 'user mysql.session@localhost' ignored in --skip-name-resolve mode.
2019-07-27T13:37:25.672737Z 6 [Warning] 'tables_priv' entry 'sys_config mysql.sys@localhost' ignored in --skip-name-resolve mode.
2019-07-27T19:22:12.587246Z 0 [Note] Giving 0 client threads a chance to die gracefully
2019-07-27T19:22:12.636642Z 0 [Note] Shutting down slave threads
2019-07-27T19:22:12.636887Z 0 [Note] Forcefully disconnecting 0 remaining clients
2019-07-27T19:22:12.637049Z 0 [Note] Event Scheduler: Purging the queue. 0 events
2019-07-27T19:22:12.669770Z 0 [Note] Binlog end
2019-07-27T19:22:12.680705Z 0 [Note] Shutting down plugin 'ngram'
2019-07-27T19:22:12.681633Z 0 [Note] Shutting down plugin 'partition'
2019-07-27T19:22:12.682625Z 0 [Note] Shutting down plugin 'BLACKHOLE'
2019-07-27T19:22:12.693528Z 0 [Note] Shutting down plugin 'ARCHIVE'
2019-07-27T19:22:12.694316Z 0 [Note] Shutting down plugin 'PERFORMANCE_SCHEMA'
2019-07-27T19:22:12.696181Z 0 [Note] Shutting down plugin 'MRG_MYISAM'
2019-07-27T19:22:12.697274Z 0 [Note] Shutting down plugin 'MyISAM'
2019-07-27T19:22:12.698114Z 0 [Note] Shutting down plugin 'INNODB_SYS_VIRTUAL'
2019-07-27T19:22:12.698611Z 0 [Note] Shutting down plugin 'INNODB_SYS_DATAFILES'
2019-07-27T19:22:12.698810Z 0 [Note] Shutting down plugin 'INNODB_SYS_TABLESPACES'
2019-07-27T19:22:12.699019Z 0 [Note] Shutting down plugin 'INNODB_SYS_FOREIGN_COLS'
2019-07-27T19:22:12.699219Z 0 [Note] Shutting down plugin 'INNODB_SYS_FOREIGN'
2019-07-27T19:22:12.699393Z 0 [Note] Shutting down plugin 'INNODB_SYS_FIELDS'
2019-07-27T19:22:12.699543Z 0 [Note] Shutting down plugin 'INNODB_SYS_COLUMNS'
2019-07-27T19:22:12.699682Z 0 [Note] Shutting down plugin 'INNODB_SYS_INDEXES'
2019-07-27T19:22:12.699817Z 0 [Note] Shutting down plugin 'INNODB_SYS_TABLESTATS'
2019-07-27T19:22:12.699962Z 0 [Note] Shutting down plugin 'INNODB_SYS_TABLES'
2019-07-27T19:22:12.716159Z 0 [Note] Shutting down plugin 'INNODB_FT_INDEX_TABLE'
2019-07-27T19:22:12.716483Z 0 [Note] Shutting down plugin 'INNODB_FT_INDEX_CACHE'
2019-07-27T19:22:12.717368Z 0 [Note] Shutting down plugin 'INNODB_FT_CONFIG'
2019-07-27T19:22:12.718609Z 0 [Note] Shutting down plugin 'INNODB_FT_BEING_DELETED'
2019-07-27T19:22:12.719579Z 0 [Note] Shutting down plugin 'INNODB_FT_DELETED'
2019-07-27T19:22:12.719799Z 0 [Note] Shutting down plugin 'INNODB_FT_DEFAULT_STOPWORD'
2019-07-27T19:22:12.726694Z 0 [Note] Shutting down plugin 'INNODB_METRICS'
2019-07-27T19:22:12.727020Z 0 [Note] Shutting down plugin 'INNODB_TEMP_TABLE_INFO'
2019-07-27T19:22:12.727225Z 0 [Note] Shutting down plugin 'INNODB_BUFFER_POOL_STATS'
2019-07-27T19:22:12.728912Z 0 [Note] Shutting down plugin 'INNODB_BUFFER_PAGE_LRU'
2019-07-27T19:22:12.729329Z 0 [Note] Shutting down plugin 'INNODB_BUFFER_PAGE'
2019-07-27T19:22:12.729577Z 0 [Note] Shutting down plugin 'INNODB_CMP_PER_INDEX_RESET'
2019-07-27T19:22:12.750120Z 0 [Note] Shutting down plugin 'INNODB_CMP_PER_INDEX'
2019-07-27T19:22:12.766639Z 0 [Note] Shutting down plugin 'INNODB_CMPMEM_RESET'
2019-07-27T19:22:12.767370Z 0 [Note] Shutting down plugin 'INNODB_CMPMEM'
2019-07-27T19:22:12.768372Z 0 [Note] Shutting down plugin 'INNODB_CMP_RESET'
2019-07-27T19:22:12.769326Z 0 [Note] Shutting down plugin 'INNODB_CMP'
2019-07-27T19:22:12.769787Z 0 [Note] Shutting down plugin 'INNODB_LOCK_WAITS'
2019-07-27T19:22:12.868850Z 0 [Note] Shutting down plugin 'INNODB_LOCKS'
2019-07-27T19:22:12.900062Z 0 [Note] Shutting down plugin 'INNODB_TRX'
2019-07-27T19:22:12.900614Z 0 [Note] Shutting down plugin 'InnoDB'
2019-07-27T19:22:12.901149Z 0 [Note] InnoDB: FTS optimize thread exiting.
2019-07-27T19:22:12.901815Z 0 [Note] InnoDB: Starting shutdown...
2019-07-27T19:22:13.002640Z 0 [Note] InnoDB: Dumping buffer pool(s) to /var/lib/mysql/ib_buffer_pool
2019-07-27T19:22:13.005697Z 0 [Note] InnoDB: Buffer pool(s) dump completed at 190727 19:22:12
2019-07-27T19:22:14.729783Z 0 [Note] InnoDB: Shutdown completed; log sequence number 3429998
2019-07-27T19:22:14.758849Z 0 [Note] InnoDB: Removed temporary tablespace data file: "ibtmp1"
2019-07-27T19:22:14.759167Z 0 [Note] Shutting down plugin 'MEMORY'
2019-07-27T19:22:14.759717Z 0 [Note] Shutting down plugin 'CSV'
2019-07-27T19:22:14.759949Z 0 [Note] Shutting down plugin 'sha256_password'
2019-07-27T19:22:14.760160Z 0 [Note] Shutting down plugin 'mysql_native_password'
2019-07-27T19:22:14.760597Z 0 [Note] Shutting down plugin 'binlog'
2019-07-27T19:22:14.777257Z 0 [Note] /usr/sbin/mysqld: Shutdown complete

2019-07-28T09:37:15.877129Z 0 [Warning] TIMESTAMP with implicit DEFAULT value is deprecated. Please use --explicit_defaults_for_timestamp server option (see documentation for more details).
2019-07-28T09:37:15.957794Z 0 [Note] /usr/sbin/mysqld (mysqld 5.7.23) starting as process 67 ...
2019-07-28T09:37:16.808437Z 0 [Note] InnoDB: PUNCH HOLE support available
2019-07-28T09:37:16.808775Z 0 [Note] InnoDB: Mutexes and rw_locks use GCC atomic builtins
2019-07-28T09:37:16.813682Z 0 [Note] InnoDB: Uses event mutexes
2019-07-28T09:37:16.814072Z 0 [Note] InnoDB: GCC builtin __atomic_thread_fence() is used for memory barrier
2019-07-28T09:37:16.815971Z 0 [Note] InnoDB: Compressed tables use zlib 1.2.3
2019-07-28T09:37:16.816344Z 0 [Note] InnoDB: Using Linux native AIO
2019-07-28T09:37:16.847951Z 0 [Note] InnoDB: Number of pools: 1
2019-07-28T09:37:16.931809Z 0 [Note] InnoDB: Using CPU crc32 instructions
2019-07-28T09:37:16.976800Z 0 [Note] InnoDB: Initializing buffer pool, total size = 32M, instances = 1, chunk size = 32M
2019-07-28T09:37:17.038383Z 0 [Note] InnoDB: Completed initialization of buffer pool
2019-07-28T09:37:17.050074Z 0 [Note] InnoDB: If the mysqld execution user is authorized, page cleaner thread priority can be changed. See the man page of setpriority().
2019-07-28T09:37:17.156815Z 0 [Note] InnoDB: Highest supported file format is Barracuda.
2019-07-28T09:37:17.956113Z 0 [Note] InnoDB: Creating shared tablespace for temporary tables
2019-07-28T09:37:17.957314Z 0 [Note] InnoDB: Setting file './ibtmp1' size to 12 MB. Physically writing the file full; Please wait ...
2019-07-28T09:37:18.340396Z 0 [Note] InnoDB: File './ibtmp1' size is now 12 MB.
2019-07-28T09:37:18.379450Z 0 [Note] InnoDB: 96 redo rollback segment(s) found. 96 redo rollback segment(s) are active.
2019-07-28T09:37:18.405232Z 0 [Note] InnoDB: 32 non-redo rollback segment(s) are active.
2019-07-28T09:37:18.409535Z 0 [Note] InnoDB: Waiting for purge to start
2019-07-28T09:37:18.462858Z 0 [Note] InnoDB: 5.7.23 started; log sequence number 3429998
2019-07-28T09:37:18.475595Z 0 [Note] InnoDB: Loading buffer pool(s) from /var/lib/mysql/ib_buffer_pool
2019-07-28T09:37:18.524156Z 0 [Note] Plugin 'FEDERATED' is disabled.
2019-07-28T09:37:19.221948Z 0 [Note] InnoDB: Buffer pool(s) load completed at 190728  9:37:19
2019-07-28T09:37:19.309025Z 0 [Warning] Failed to set up SSL because of the following SSL library error: SSL context is not usable without certificate and private key
2019-07-28T09:37:19.376466Z 0 [Note] Server hostname (bind-address): '*'; port: 3306
2019-07-28T09:37:19.408358Z 0 [Note] IPv6 is available.
2019-07-28T09:37:19.409421Z 0 [Note]   - '::' resolves to '::';
2019-07-28T09:37:19.410833Z 0 [Note] Server socket created on IP: '::'.
2019-07-28T09:37:19.431233Z 0 [Warning] Insecure configuration for --pid-file: Location '/var/run/mysqld' in the path is accessible to all OS users. Consider choosing a different directory.
2019-07-28T09:37:19.691045Z 0 [Warning] 'user' entry 'root@localhost' ignored in --skip-name-resolve mode.
2019-07-28T09:37:19.748098Z 0 [Warning] 'user' entry 'mysql.session@localhost' ignored in --skip-name-resolve mode.
2019-07-28T09:37:19.754512Z 0 [Warning] 'user' entry 'mysql.sys@localhost' ignored in --skip-name-resolve mode.
2019-07-28T09:37:19.798875Z 0 [Warning] 'db' entry 'performance_schema mysql.session@localhost' ignored in --skip-name-resolve mode.
2019-07-28T09:37:19.894596Z 0 [Warning] 'db' entry 'sys mysql.sys@localhost' ignored in --skip-name-resolve mode.
2019-07-28T09:37:19.923938Z 0 [Warning] 'proxies_priv' entry '@ root@localhost' ignored in --skip-name-resolve mode.
2019-07-28T09:37:20.114993Z 0 [Warning] 'tables_priv' entry 'user mysql.session@localhost' ignored in --skip-name-resolve mode.
2019-07-28T09:37:20.164503Z 0 [Warning] 'tables_priv' entry 'sys_config mysql.sys@localhost' ignored in --skip-name-resolve mode.
2019-07-28T09:37:21.651641Z 0 [Note] Event Scheduler: Loaded 0 events
2019-07-28T09:37:21.696027Z 0 [Note] /usr/sbin/mysqld: ready for connections.
Version: '5.7.23'  socket: '/var/run/mysqld/mysqld.sock'  port: 3306  MySQL Community Server (GPL)
2019-07-28T11:50:03.335799Z 0 [Note] InnoDB: page_cleaner: 1000ms intended loop took 3281513ms. The settings might not be optimal. (flushed=0 and evicted=0, during the time.)
2019-07-28T15:01:18.348348Z 0 [Note] InnoDB: page_cleaner: 1000ms intended loop took 8148132ms. The settings might not be optimal. (flushed=0 and evicted=0, during the time.)
2019-07-28T16:25:26.134257Z 0 [Note] InnoDB: page_cleaner: 1000ms intended loop took 8893ms. The settings might not be optimal. (flushed=0 and evicted=0, during the time.)
2019-07-28T16:48:14.882676Z 0 [Note] InnoDB: page_cleaner: 1000ms intended loop took 1367748ms. The settings might not be optimal. (flushed=0 and evicted=0, during the time.)
2019-07-28T16:49:18.250603Z 0 [Note] InnoDB: page_cleaner: 1000ms intended loop took 8437ms. The settings might not be optimal. (flushed=0 and evicted=0, during the time.)
2019-07-28T19:12:27.958025Z 0 [Note] Giving 3 client threads a chance to die gracefully
2019-07-28T19:12:28.025411Z 0 [Note] Shutting down slave threads
2019-07-28T19:12:30.590112Z 0 [Note] Forcefully disconnecting 1 remaining clients
2019-07-28T19:12:30.635672Z 0 [Warning] /usr/sbin/mysqld: Forcing close of thread 193  user: 'root'

2019-07-28T19:12:30.637044Z 0 [Note] Event Scheduler: Purging the queue. 0 events
2019-07-28T19:12:30.719617Z 0 [Note] Binlog end
2019-07-28T19:12:30.852579Z 0 [Note] Shutting down plugin 'ngram'
2019-07-28T19:12:30.853522Z 0 [Note] Shutting down plugin 'partition'
2019-07-28T19:12:30.930517Z 0 [Note] Shutting down plugin 'BLACKHOLE'
2019-07-28T19:12:30.992313Z 0 [Note] Shutting down plugin 'ARCHIVE'
2019-07-28T19:12:30.997558Z 0 [Note] Shutting down plugin 'PERFORMANCE_SCHEMA'
2019-07-28T19:12:31.001808Z 0 [Note] Shutting down plugin 'MRG_MYISAM'
2019-07-28T19:12:31.033699Z 0 [Note] Shutting down plugin 'MyISAM'
2019-07-28T19:12:31.034318Z 0 [Note] Shutting down plugin 'INNODB_SYS_VIRTUAL'
2019-07-28T19:12:31.034570Z 0 [Note] Shutting down plugin 'INNODB_SYS_DATAFILES'
2019-07-28T19:12:31.036871Z 0 [Note] Shutting down plugin 'INNODB_SYS_TABLESPACES'
2019-07-28T19:12:31.037171Z 0 [Note] Shutting down plugin 'INNODB_SYS_FOREIGN_COLS'
2019-07-28T19:12:31.037651Z 0 [Note] Shutting down plugin 'INNODB_SYS_FOREIGN'
2019-07-28T19:12:31.037922Z 0 [Note] Shutting down plugin 'INNODB_SYS_FIELDS'
2019-07-28T19:12:31.038135Z 0 [Note] Shutting down plugin 'INNODB_SYS_COLUMNS'
2019-07-28T19:12:31.038696Z 0 [Note] Shutting down plugin 'INNODB_SYS_INDEXES'
2019-07-28T19:12:31.040370Z 0 [Note] Shutting down plugin 'INNODB_SYS_TABLESTATS'
2019-07-28T19:12:31.041598Z 0 [Note] Shutting down plugin 'INNODB_SYS_TABLES'
2019-07-28T19:12:31.119653Z 0 [Note] Shutting down plugin 'INNODB_FT_INDEX_TABLE'
2019-07-28T19:12:31.120090Z 0 [Note] Shutting down plugin 'INNODB_FT_INDEX_CACHE'
2019-07-28T19:12:31.121020Z 0 [Note] Shutting down plugin 'INNODB_FT_CONFIG'
2019-07-28T19:12:31.121779Z 0 [Note] Shutting down plugin 'INNODB_FT_BEING_DELETED'
2019-07-28T19:12:31.122000Z 0 [Note] Shutting down plugin 'INNODB_FT_DELETED'
2019-07-28T19:12:31.122168Z 0 [Note] Shutting down plugin 'INNODB_FT_DEFAULT_STOPWORD'
2019-07-28T19:12:31.122457Z 0 [Note] Shutting down plugin 'INNODB_METRICS'
2019-07-28T19:12:31.122815Z 0 [Note] Shutting down plugin 'INNODB_TEMP_TABLE_INFO'
2019-07-28T19:12:31.133882Z 0 [Note] Shutting down plugin 'INNODB_BUFFER_POOL_STATS'
2019-07-28T19:12:31.135154Z 0 [Note] Shutting down plugin 'INNODB_BUFFER_PAGE_LRU'
2019-07-28T19:12:31.138958Z 0 [Note] Shutting down plugin 'INNODB_BUFFER_PAGE'
2019-07-28T19:12:31.239161Z 0 [Note] Shutting down plugin 'INNODB_CMP_PER_INDEX_RESET'
2019-07-28T19:12:31.268488Z 0 [Note] Shutting down plugin 'INNODB_CMP_PER_INDEX'
2019-07-28T19:12:31.268815Z 0 [Note] Shutting down plugin 'INNODB_CMPMEM_RESET'
2019-07-28T19:12:31.269013Z 0 [Note] Shutting down plugin 'INNODB_CMPMEM'
2019-07-28T19:12:31.269512Z 0 [Note] Shutting down plugin 'INNODB_CMP_RESET'
2019-07-28T19:12:31.269897Z 0 [Note] Shutting down plugin 'INNODB_CMP'
2019-07-28T19:12:31.304176Z 0 [Note] Shutting down plugin 'INNODB_LOCK_WAITS'
2019-07-28T19:12:31.304526Z 0 [Note] Shutting down plugin 'INNODB_LOCKS'
2019-07-28T19:12:31.305020Z 0 [Note] Shutting down plugin 'INNODB_TRX'
2019-07-28T19:12:31.305246Z 0 [Note] Shutting down plugin 'InnoDB'
2019-07-28T19:12:31.318819Z 0 [Note] InnoDB: FTS optimize thread exiting.
2019-07-28T19:12:31.384024Z 0 [Note] InnoDB: Starting shutdown...
2019-07-28T19:12:31.935724Z 0 [Note] InnoDB: Dumping buffer pool(s) to /var/lib/mysql/ib_buffer_pool
2019-07-28T19:12:31.936982Z 0 [Note] InnoDB: Buffer pool(s) dump completed at 190728 19:12:31
2019-07-28T19:12:33.585948Z 0 [Note] InnoDB: Shutdown completed; log sequence number 3812545
2019-07-28T19:12:33.586942Z 0 [Note] InnoDB: Removed temporary tablespace data file: "ibtmp1"
2019-07-28T19:12:33.587332Z 0 [Note] Shutting down plugin 'MEMORY'
2019-07-28T19:12:33.587548Z 0 [Note] Shutting down plugin 'CSV'
2019-07-28T19:12:33.587740Z 0 [Note] Shutting down plugin 'sha256_password'
2019-07-28T19:12:33.588036Z 0 [Note] Shutting down plugin 'mysql_native_password'
2019-07-28T19:12:33.588470Z 0 [Note] Shutting down plugin 'binlog'
2019-07-28T19:12:33.590477Z 0 [Note] /usr/sbin/mysqld: Shutdown complete

2019-07-29T09:33:20.703915Z 0 [Warning] TIMESTAMP with implicit DEFAULT value is deprecated. Please use --explicit_defaults_for_timestamp server option (see documentation for more details).
2019-07-29T09:33:21.850568Z 0 [Note] /usr/sbin/mysqld (mysqld 5.7.23) starting as process 70 ...
2019-07-29T09:33:21.927793Z 0 [Note] InnoDB: PUNCH HOLE support available
2019-07-29T09:33:21.928195Z 0 [Note] InnoDB: Mutexes and rw_locks use GCC atomic builtins
2019-07-29T09:33:21.928745Z 0 [Note] InnoDB: Uses event mutexes
2019-07-29T09:33:21.929668Z 0 [Note] InnoDB: GCC builtin __atomic_thread_fence() is used for memory barrier
2019-07-29T09:33:21.930641Z 0 [Note] InnoDB: Compressed tables use zlib 1.2.3
2019-07-29T09:33:21.931314Z 0 [Note] InnoDB: Using Linux native AIO
2019-07-29T09:33:21.932539Z 0 [Note] InnoDB: Number of pools: 1
2019-07-29T09:33:21.933896Z 0 [Note] InnoDB: Using CPU crc32 instructions
2019-07-29T09:33:21.974471Z 0 [Note] InnoDB: Initializing buffer pool, total size = 32M, instances = 1, chunk size = 32M
2019-07-29T09:33:21.985743Z 0 [Note] InnoDB: Completed initialization of buffer pool
2019-07-29T09:33:22.054517Z 0 [Note] InnoDB: If the mysqld execution user is authorized, page cleaner thread priority can be changed. See the man page of setpriority().
2019-07-29T09:33:23.414732Z 0 [Note] InnoDB: Highest supported file format is Barracuda.
2019-07-29T09:33:31.420279Z 0 [Note] InnoDB: Creating shared tablespace for temporary tables
2019-07-29T09:33:31.745833Z 0 [Note] InnoDB: Setting file './ibtmp1' size to 12 MB. Physically writing the file full; Please wait ...
2019-07-29T09:33:33.666628Z 0 [Note] InnoDB: File './ibtmp1' size is now 12 MB.
2019-07-29T09:33:33.671447Z 0 [Note] InnoDB: 96 redo rollback segment(s) found. 96 redo rollback segment(s) are active.
2019-07-29T09:33:33.700057Z 0 [Note] InnoDB: 32 non-redo rollback segment(s) are active.
2019-07-29T09:33:33.708248Z 0 [Note] InnoDB: Waiting for purge to start
2019-07-29T09:33:33.759640Z 0 [Note] InnoDB: 5.7.23 started; log sequence number 3812545
2019-07-29T09:33:33.761864Z 0 [Note] Plugin 'FEDERATED' is disabled.
2019-07-29T09:33:33.762296Z 0 [Note] InnoDB: page_cleaner: 1000ms intended loop took 11710ms. The settings might not be optimal. (flushed=0 and evicted=0, during the time.)
2019-07-29T09:33:33.774015Z 0 [Note] InnoDB: Loading buffer pool(s) from /var/lib/mysql/ib_buffer_pool
2019-07-29T09:33:35.224269Z 0 [Warning] Failed to set up SSL because of the following SSL library error: SSL context is not usable without certificate and private key
2019-07-29T09:33:35.224655Z 0 [Note] Server hostname (bind-address): '*'; port: 3306
2019-07-29T09:33:35.227670Z 0 [Note] IPv6 is available.
2019-07-29T09:33:35.228608Z 0 [Note]   - '::' resolves to '::';
2019-07-29T09:33:35.229526Z 0 [Note] Server socket created on IP: '::'.
2019-07-29T09:33:35.700206Z 0 [Warning] Insecure configuration for --pid-file: Location '/var/run/mysqld' in the path is accessible to all OS users. Consider choosing a different directory.
2019-07-29T09:33:36.615957Z 0 [Warning] 'user' entry 'root@localhost' ignored in --skip-name-resolve mode.
2019-07-29T09:33:36.616979Z 0 [Warning] 'user' entry 'mysql.session@localhost' ignored in --skip-name-resolve mode.
2019-07-29T09:33:36.620154Z 0 [Warning] 'user' entry 'mysql.sys@localhost' ignored in --skip-name-resolve mode.
2019-07-29T09:33:36.620591Z 0 [Warning] 'db' entry 'performance_schema mysql.session@localhost' ignored in --skip-name-resolve mode.
2019-07-29T09:33:36.620874Z 0 [Warning] 'db' entry 'sys mysql.sys@localhost' ignored in --skip-name-resolve mode.
2019-07-29T09:33:36.621303Z 0 [Warning] 'proxies_priv' entry '@ root@localhost' ignored in --skip-name-resolve mode.
2019-07-29T09:33:36.638734Z 0 [Warning] 'tables_priv' entry 'user mysql.session@localhost' ignored in --skip-name-resolve mode.
2019-07-29T09:33:36.639122Z 0 [Warning] 'tables_priv' entry 'sys_config mysql.sys@localhost' ignored in --skip-name-resolve mode.
2019-07-29T09:33:36.792886Z 0 [Note] Event Scheduler: Loaded 0 events
2019-07-29T09:33:36.855654Z 0 [Note] /usr/sbin/mysqld: ready for connections.
Version: '5.7.23'  socket: '/var/run/mysqld/mysqld.sock'  port: 3306  MySQL Community Server (GPL)
2019-07-29T09:33:45.029132Z 0 [Note] InnoDB: Buffer pool(s) load completed at 190729  9:33:45
2019-07-29T11:02:52.078649Z 0 [Note] InnoDB: page_cleaner: 1000ms intended loop took 5730ms. The settings might not be optimal. (flushed=0 and evicted=0, during the time.)
2019-07-29T13:52:45.127228Z 0 [Note] InnoDB: page_cleaner: 1000ms intended loop took 235908ms. The settings might not be optimal. (flushed=0 and evicted=0, during the time.)
2019-07-29T14:35:41.232407Z 0 [Note] InnoDB: page_cleaner: 1000ms intended loop took 8055ms. The settings might not be optimal. (flushed=0 and evicted=0, during the time.)
2019-07-29T14:43:15.669819Z 0 [Note] InnoDB: page_cleaner: 1000ms intended loop took 4811ms. The settings might not be optimal. (flushed=0 and evicted=0, during the time.)
2019-07-29T15:57:01.474874Z 0 [Note] InnoDB: page_cleaner: 1000ms intended loop took 23369ms. The settings might not be optimal. (flushed=0 and evicted=0, during the time.)
2019-07-29T16:51:39.776574Z 0 [Note] InnoDB: page_cleaner: 1000ms intended loop took 3277225ms. The settings might not be optimal. (flushed=0 and evicted=0, during the time.)
2019-07-29T16:59:09.335989Z 0 [Note] InnoDB: page_cleaner: 1000ms intended loop took 7134ms. The settings might not be optimal. (flushed=0 and evicted=0, during the time.)
2019-07-29T16:59:19.573022Z 0 [Note] InnoDB: page_cleaner: 1000ms intended loop took 4724ms. The settings might not be optimal. (flushed=0 and evicted=0, during the time.)
2019-07-29T18:31:26.845785Z 0 [Note] Giving 0 client threads a chance to die gracefully
2019-07-29T18:31:26.958688Z 0 [Note] Shutting down slave threads
2019-07-29T18:31:26.961255Z 0 [Note] Forcefully disconnecting 0 remaining clients
2019-07-29T18:31:26.961707Z 0 [Note] Event Scheduler: Purging the queue. 0 events
2019-07-29T18:31:26.963086Z 0 [Note] Binlog end
2019-07-29T18:31:27.050082Z 0 [Note] Shutting down plugin 'ngram'
2019-07-29T18:31:27.110951Z 0 [Note] Shutting down plugin 'partition'
2019-07-29T18:31:27.111549Z 0 [Note] Shutting down plugin 'BLACKHOLE'
2019-07-29T18:31:27.111777Z 0 [Note] Shutting down plugin 'ARCHIVE'
2019-07-29T18:31:27.111928Z 0 [Note] Shutting down plugin 'PERFORMANCE_SCHEMA'
2019-07-29T18:31:27.112198Z 0 [Note] Shutting down plugin 'MRG_MYISAM'
2019-07-29T18:31:27.112357Z 0 [Note] Shutting down plugin 'MyISAM'
2019-07-29T18:31:27.112505Z 0 [Note] Shutting down plugin 'INNODB_SYS_VIRTUAL'
2019-07-29T18:31:27.112662Z 0 [Note] Shutting down plugin 'INNODB_SYS_DATAFILES'
2019-07-29T18:31:27.112812Z 0 [Note] Shutting down plugin 'INNODB_SYS_TABLESPACES'
2019-07-29T18:31:27.112950Z 0 [Note] Shutting down plugin 'INNODB_SYS_FOREIGN_COLS'
2019-07-29T18:31:27.113094Z 0 [Note] Shutting down plugin 'INNODB_SYS_FOREIGN'
2019-07-29T18:31:27.113259Z 0 [Note] Shutting down plugin 'INNODB_SYS_FIELDS'
2019-07-29T18:31:27.115870Z 0 [Note] Shutting down plugin 'INNODB_SYS_COLUMNS'
2019-07-29T18:31:27.116354Z 0 [Note] Shutting down plugin 'INNODB_SYS_INDEXES'
2019-07-29T18:31:27.116557Z 0 [Note] Shutting down plugin 'INNODB_SYS_TABLESTATS'
2019-07-29T18:31:27.116706Z 0 [Note] Shutting down plugin 'INNODB_SYS_TABLES'
2019-07-29T18:31:27.116836Z 0 [Note] Shutting down plugin 'INNODB_FT_INDEX_TABLE'
2019-07-29T18:31:27.116964Z 0 [Note] Shutting down plugin 'INNODB_FT_INDEX_CACHE'
2019-07-29T18:31:27.117166Z 0 [Note] Shutting down plugin 'INNODB_FT_CONFIG'
2019-07-29T18:31:27.117323Z 0 [Note] Shutting down plugin 'INNODB_FT_BEING_DELETED'
2019-07-29T18:31:27.117475Z 0 [Note] Shutting down plugin 'INNODB_FT_DELETED'
2019-07-29T18:31:27.117612Z 0 [Note] Shutting down plugin 'INNODB_FT_DEFAULT_STOPWORD'
2019-07-29T18:31:27.117760Z 0 [Note] Shutting down plugin 'INNODB_METRICS'
2019-07-29T18:31:27.117897Z 0 [Note] Shutting down plugin 'INNODB_TEMP_TABLE_INFO'
2019-07-29T18:31:27.273449Z 0 [Note] Shutting down plugin 'INNODB_BUFFER_POOL_STATS'
2019-07-29T18:31:27.332892Z 0 [Note] Shutting down plugin 'INNODB_BUFFER_PAGE_LRU'
2019-07-29T18:31:27.338955Z 0 [Note] Shutting down plugin 'INNODB_BUFFER_PAGE'
2019-07-29T18:31:27.415548Z 0 [Note] Shutting down plugin 'INNODB_CMP_PER_INDEX_RESET'
2019-07-29T18:31:27.415832Z 0 [Note] Shutting down plugin 'INNODB_CMP_PER_INDEX'
2019-07-29T18:31:27.415990Z 0 [Note] Shutting down plugin 'INNODB_CMPMEM_RESET'
2019-07-29T18:31:27.416229Z 0 [Note] Shutting down plugin 'INNODB_CMPMEM'
2019-07-29T18:31:27.417808Z 0 [Note] Shutting down plugin 'INNODB_CMP_RESET'
2019-07-29T18:31:27.420773Z 0 [Note] Shutting down plugin 'INNODB_CMP'
2019-07-29T18:31:27.421146Z 0 [Note] Shutting down plugin 'INNODB_LOCK_WAITS'
2019-07-29T18:31:27.421436Z 0 [Note] Shutting down plugin 'INNODB_LOCKS'
2019-07-29T18:31:27.423743Z 0 [Note] Shutting down plugin 'INNODB_TRX'
2019-07-29T18:31:27.424003Z 0 [Note] Shutting down plugin 'InnoDB'
2019-07-29T18:31:27.424717Z 0 [Note] InnoDB: FTS optimize thread exiting.
2019-07-29T18:31:27.425829Z 0 [Note] InnoDB: Starting shutdown...
2019-07-29T18:31:27.526881Z 0 [Note] InnoDB: Dumping buffer pool(s) to /var/lib/mysql/ib_buffer_pool
2019-07-29T18:31:27.527732Z 0 [Note] InnoDB: Buffer pool(s) dump completed at 190729 18:31:27
2019-07-30T05:59:38.720384Z 0 [Warning] TIMESTAMP with implicit DEFAULT value is deprecated. Please use --explicit_defaults_for_timestamp server option (see documentation for more details).
2019-07-30T05:59:38.875404Z 0 [Note] /usr/sbin/mysqld (mysqld 5.7.23) starting as process 110 ...
2019-07-30T05:59:39.369201Z 0 [Note] InnoDB: PUNCH HOLE support available
2019-07-30T05:59:39.369507Z 0 [Note] InnoDB: Mutexes and rw_locks use GCC atomic builtins
2019-07-30T05:59:39.369656Z 0 [Note] InnoDB: Uses event mutexes
2019-07-30T05:59:39.369801Z 0 [Note] InnoDB: GCC builtin __atomic_thread_fence() is used for memory barrier
2019-07-30T05:59:39.369938Z 0 [Note] InnoDB: Compressed tables use zlib 1.2.3
2019-07-30T05:59:39.370073Z 0 [Note] InnoDB: Using Linux native AIO
2019-07-30T05:59:39.395328Z 0 [Note] InnoDB: Number of pools: 1
2019-07-30T05:59:39.456432Z 0 [Note] InnoDB: Using CPU crc32 instructions
2019-07-30T05:59:39.517449Z 0 [Note] InnoDB: Initializing buffer pool, total size = 32M, instances = 1, chunk size = 32M
2019-07-30T05:59:39.886738Z 0 [Note] InnoDB: Completed initialization of buffer pool
2019-07-30T05:59:39.946121Z 0 [Note] InnoDB: If the mysqld execution user is authorized, page cleaner thread priority can be changed. See the man page of setpriority().
2019-07-30T05:59:40.869767Z 0 [Note] InnoDB: Highest supported file format is Barracuda.
2019-07-30T05:59:41.000120Z 0 [Note] InnoDB: Log scan progressed past the checkpoint lsn 4383852
2019-07-30T05:59:41.000453Z 0 [Note] InnoDB: Doing recovery: scanned up to log sequence number 4385257
2019-07-30T05:59:41.049570Z 0 [Note] InnoDB: Database was not shutdown normally!
2019-07-30T05:59:41.050211Z 0 [Note] InnoDB: Starting crash recovery.
2019-07-30T05:59:46.982869Z 0 [Note] InnoDB: Removed temporary tablespace data file: "ibtmp1"
2019-07-30T05:59:46.983322Z 0 [Note] InnoDB: Creating shared tablespace for temporary tables
2019-07-30T05:59:46.983779Z 0 [Note] InnoDB: Setting file './ibtmp1' size to 12 MB. Physically writing the file full; Please wait ...
2019-07-30T05:59:47.639212Z 0 [Note] InnoDB: File './ibtmp1' size is now 12 MB.
2019-07-30T05:59:47.641325Z 0 [Note] InnoDB: 96 redo rollback segment(s) found. 96 redo rollback segment(s) are active.
2019-07-30T05:59:47.641686Z 0 [Note] InnoDB: 32 non-redo rollback segment(s) are active.
2019-07-30T05:59:47.655969Z 0 [Note] InnoDB: page_cleaner: 1000ms intended loop took 7709ms. The settings might not be optimal. (flushed=0 and evicted=0, during the time.)
2019-07-30T05:59:47.671601Z 0 [Note] InnoDB: 5.7.23 started; log sequence number 4385257
2019-07-30T05:59:47.688532Z 0 [Note] InnoDB: Loading buffer pool(s) from /var/lib/mysql/ib_buffer_pool
2019-07-30T05:59:47.745613Z 0 [Note] Plugin 'FEDERATED' is disabled.
2019-07-30T05:59:48.665944Z 0 [Warning] Failed to set up SSL because of the following SSL library error: SSL context is not usable without certificate and private key
2019-07-30T05:59:48.666218Z 0 [Note] Server hostname (bind-address): '*'; port: 3306
2019-07-30T05:59:48.667032Z 0 [Note] InnoDB: Buffer pool(s) load completed at 190730  5:59:48
2019-07-30T05:59:48.950997Z 0 [Note] IPv6 is available.
2019-07-30T05:59:48.952918Z 0 [Note]   - '::' resolves to '::';
2019-07-30T05:59:48.953738Z 0 [Note] Server socket created on IP: '::'.
2019-07-30T05:59:49.413601Z 0 [Warning] Insecure configuration for --pid-file: Location '/var/run/mysqld' in the path is accessible to all OS users. Consider choosing a different directory.
2019-07-30T05:59:50.793965Z 0 [Warning] 'user' entry 'root@localhost' ignored in --skip-name-resolve mode.
2019-07-30T05:59:50.794302Z 0 [Warning] 'user' entry 'mysql.session@localhost' ignored in --skip-name-resolve mode.
2019-07-30T05:59:50.794555Z 0 [Warning] 'user' entry 'mysql.sys@localhost' ignored in --skip-name-resolve mode.
2019-07-30T05:59:50.820835Z 0 [Warning] 'db' entry 'performance_schema mysql.session@localhost' ignored in --skip-name-resolve mode.
2019-07-30T05:59:50.821358Z 0 [Warning] 'db' entry 'sys mysql.sys@localhost' ignored in --skip-name-resolve mode.
2019-07-30T05:59:50.911519Z 0 [Warning] 'proxies_priv' entry '@ root@localhost' ignored in --skip-name-resolve mode.
2019-07-30T05:59:51.030104Z 0 [Warning] 'tables_priv' entry 'user mysql.session@localhost' ignored in --skip-name-resolve mode.
2019-07-30T05:59:51.031348Z 0 [Warning] 'tables_priv' entry 'sys_config mysql.sys@localhost' ignored in --skip-name-resolve mode.
2019-07-30T05:59:51.744123Z 0 [Note] Event Scheduler: Loaded 0 events
2019-07-30T05:59:51.754506Z 0 [Note] /usr/sbin/mysqld: ready for connections.
Version: '5.7.23'  socket: '/var/run/mysqld/mysqld.sock'  port: 3306  MySQL Community Server (GPL)
2019-07-30T08:07:49.893893Z 0 [Warning] TIMESTAMP with implicit DEFAULT value is deprecated. Please use --explicit_defaults_for_timestamp server option (see documentation for more details).
2019-07-30T08:07:50.010821Z 0 [Note] /usr/sbin/mysqld (mysqld 5.7.23) starting as process 105 ...
2019-07-30T08:07:50.425891Z 0 [Note] InnoDB: PUNCH HOLE support available
2019-07-30T08:07:50.426545Z 0 [Note] InnoDB: Mutexes and rw_locks use GCC atomic builtins
2019-07-30T08:07:50.426770Z 0 [Note] InnoDB: Uses event mutexes
2019-07-30T08:07:50.426957Z 0 [Note] InnoDB: GCC builtin __atomic_thread_fence() is used for memory barrier
2019-07-30T08:07:50.427859Z 0 [Note] InnoDB: Compressed tables use zlib 1.2.3
2019-07-30T08:07:50.428267Z 0 [Note] InnoDB: Using Linux native AIO
2019-07-30T08:07:50.450176Z 0 [Note] InnoDB: Number of pools: 1
2019-07-30T08:07:50.468386Z 0 [Note] InnoDB: Using CPU crc32 instructions
2019-07-30T08:07:50.489105Z 0 [Note] InnoDB: Initializing buffer pool, total size = 32M, instances = 1, chunk size = 32M
2019-07-30T08:07:50.517789Z 0 [Note] InnoDB: Completed initialization of buffer pool
2019-07-30T08:07:50.531143Z 0 [Note] InnoDB: If the mysqld execution user is authorized, page cleaner thread priority can be changed. See the man page of setpriority().
2019-07-30T08:07:50.712378Z 0 [Note] InnoDB: Highest supported file format is Barracuda.
2019-07-30T08:07:50.763836Z 0 [Note] InnoDB: Log scan progressed past the checkpoint lsn 4869279
2019-07-30T08:07:50.764829Z 0 [Note] InnoDB: Doing recovery: scanned up to log sequence number 4869288
2019-07-30T08:07:50.765185Z 0 [Note] InnoDB: Database was not shutdown normally!
2019-07-30T08:07:50.765816Z 0 [Note] InnoDB: Starting crash recovery.
2019-07-30T08:07:52.023981Z 0 [Note] InnoDB: Removed temporary tablespace data file: "ibtmp1"
2019-07-30T08:07:52.024365Z 0 [Note] InnoDB: Creating shared tablespace for temporary tables
2019-07-30T08:07:52.025589Z 0 [Note] InnoDB: Setting file './ibtmp1' size to 12 MB. Physically writing the file full; Please wait ...
2019-07-30T08:07:52.365326Z 0 [Note] InnoDB: File './ibtmp1' size is now 12 MB.
2019-07-30T08:07:52.370407Z 0 [Note] InnoDB: 96 redo rollback segment(s) found. 96 redo rollback segment(s) are active.
2019-07-30T08:07:52.373979Z 0 [Note] InnoDB: 32 non-redo rollback segment(s) are active.
2019-07-30T08:07:52.380893Z 0 [Note] InnoDB: Waiting for purge to start
2019-07-30T08:07:52.462851Z 0 [Note] InnoDB: 5.7.23 started; log sequence number 4869288
2019-07-30T08:07:52.478200Z 0 [Note] InnoDB: Loading buffer pool(s) from /var/lib/mysql/ib_buffer_pool
2019-07-30T08:07:52.487632Z 0 [Note] Plugin 'FEDERATED' is disabled.
2019-07-30T08:07:52.828063Z 0 [Note] InnoDB: Buffer pool(s) load completed at 190730  8:07:52
2019-07-30T08:07:52.997680Z 0 [Warning] Failed to set up SSL because of the following SSL library error: SSL context is not usable without certificate and private key
2019-07-30T08:07:52.998481Z 0 [Note] Server hostname (bind-address): '*'; port: 3306
2019-07-30T08:07:53.060846Z 0 [Note] IPv6 is available.
2019-07-30T08:07:53.062036Z 0 [Note]   - '::' resolves to '::';
2019-07-30T08:07:53.062557Z 0 [Note] Server socket created on IP: '::'.
2019-07-30T08:07:53.090459Z 0 [Warning] Insecure configuration for --pid-file: Location '/var/run/mysqld' in the path is accessible to all OS users. Consider choosing a different directory.
2019-07-30T08:07:53.201804Z 0 [Warning] 'user' entry 'root@localhost' ignored in --skip-name-resolve mode.
2019-07-30T08:07:53.202492Z 0 [Warning] 'user' entry 'mysql.session@localhost' ignored in --skip-name-resolve mode.
2019-07-30T08:07:53.202873Z 0 [Warning] 'user' entry 'mysql.sys@localhost' ignored in --skip-name-resolve mode.
2019-07-30T08:07:53.241592Z 0 [Warning] 'db' entry 'performance_schema mysql.session@localhost' ignored in --skip-name-resolve mode.
2019-07-30T08:07:53.242068Z 0 [Warning] 'db' entry 'sys mysql.sys@localhost' ignored in --skip-name-resolve mode.
2019-07-30T08:07:53.267920Z 0 [Warning] 'proxies_priv' entry '@ root@localhost' ignored in --skip-name-resolve mode.
2019-07-30T08:07:53.302746Z 0 [Warning] 'tables_priv' entry 'user mysql.session@localhost' ignored in --skip-name-resolve mode.
2019-07-30T08:07:53.303658Z 0 [Warning] 'tables_priv' entry 'sys_config mysql.sys@localhost' ignored in --skip-name-resolve mode.
2019-07-30T08:07:53.752068Z 0 [Note] Event Scheduler: Loaded 0 events
2019-07-30T08:07:53.764525Z 0 [Note] /usr/sbin/mysqld: ready for connections.
Version: '5.7.23'  socket: '/var/run/mysqld/mysqld.sock'  port: 3306  MySQL Community Server (GPL)
2019-07-30T10:40:36.055382Z 0 [Note] InnoDB: page_cleaner: 1000ms intended loop took 5495ms. The settings might not be optimal. (flushed=0 and evicted=0, during the time.)
2019-07-30T10:49:07.495201Z 0 [Note] InnoDB: page_cleaner: 1000ms intended loop took 5523ms. The settings might not be optimal. (flushed=0 and evicted=0, during the time.)
2019-07-30T12:47:44.969381Z 0 [Note] InnoDB: page_cleaner: 1000ms intended loop took 4076ms. The settings might not be optimal. (flushed=0 and evicted=0, during the time.)
2019-07-30T13:25:48.706459Z 0 [Note] InnoDB: page_cleaner: 1000ms intended loop took 684018ms. The settings might not be optimal. (flushed=0 and evicted=0, during the time.)
2019-07-30T17:09:09.369371Z 0 [Note] Giving 2 client threads a chance to die gracefully
2019-07-30T17:09:09.633501Z 0 [Note] Shutting down slave threads
2019-07-30T17:09:11.733610Z 0 [Note] Forcefully disconnecting 2 remaining clients
2019-07-30T17:09:12.838110Z 0 [Warning] /usr/sbin/mysqld: Forcing close of thread 223  user: 'root'

2019-07-30T17:09:12.838726Z 0 [Warning] /usr/sbin/mysqld: Forcing close of thread 222  user: 'root'

2019-07-30T17:09:12.839654Z 0 [Note] Event Scheduler: Purging the queue. 0 events
2019-07-30T17:09:12.841592Z 0 [Note] Binlog end
2019-07-30T19:21:02.449967Z 0 [Warning] TIMESTAMP with implicit DEFAULT value is deprecated. Please use --explicit_defaults_for_timestamp server option (see documentation for more details).
2019-07-30T19:21:02.911556Z 0 [Note] /usr/sbin/mysqld (mysqld 5.7.23) starting as process 246 ...
2019-07-30T19:21:05.241707Z 0 [Note] InnoDB: PUNCH HOLE support available
2019-07-30T19:21:05.243250Z 0 [Note] InnoDB: Mutexes and rw_locks use GCC atomic builtins
2019-07-30T19:21:05.243548Z 0 [Note] InnoDB: Uses event mutexes
2019-07-30T19:21:05.243689Z 0 [Note] InnoDB: GCC builtin __atomic_thread_fence() is used for memory barrier
2019-07-30T19:21:05.243824Z 0 [Note] InnoDB: Compressed tables use zlib 1.2.3
2019-07-30T19:21:05.243955Z 0 [Note] InnoDB: Using Linux native AIO
2019-07-30T19:21:05.244789Z 0 [Note] InnoDB: Number of pools: 1
2019-07-30T19:21:05.363734Z 0 [Note] InnoDB: Using CPU crc32 instructions
2019-07-30T19:21:05.519532Z 0 [Note] InnoDB: Initializing buffer pool, total size = 32M, instances = 1, chunk size = 32M
2019-07-30T19:21:05.530068Z 0 [Note] InnoDB: Completed initialization of buffer pool
2019-07-30T19:21:05.540796Z 0 [Note] InnoDB: If the mysqld execution user is authorized, page cleaner thread priority can be changed. See the man page of setpriority().
2019-07-30T19:21:06.842376Z 0 [Note] InnoDB: Highest supported file format is Barracuda.
2019-07-30T19:21:07.493589Z 0 [Note] InnoDB: Log scan progressed past the checkpoint lsn 4996493
2019-07-30T19:21:07.493941Z 0 [Note] InnoDB: Doing recovery: scanned up to log sequence number 4996502
2019-07-30T19:21:07.494215Z 0 [Note] InnoDB: Database was not shutdown normally!
2019-07-30T19:21:07.494457Z 0 [Note] InnoDB: Starting crash recovery.
2019-07-30T19:21:20.313884Z 0 [Note] InnoDB: Removed temporary tablespace data file: "ibtmp1"
2019-07-30T19:21:20.314640Z 0 [Note] InnoDB: Creating shared tablespace for temporary tables
2019-07-30T19:21:20.315151Z 0 [Note] InnoDB: Setting file './ibtmp1' size to 12 MB. Physically writing the file full; Please wait ...
2019-07-30T19:21:21.721756Z 0 [Note] InnoDB: File './ibtmp1' size is now 12 MB.
2019-07-30T19:21:21.724206Z 0 [Note] InnoDB: 96 redo rollback segment(s) found. 96 redo rollback segment(s) are active.
2019-07-30T19:21:21.724480Z 0 [Note] InnoDB: 32 non-redo rollback segment(s) are active.
2019-07-30T19:21:21.726390Z 0 [Note] InnoDB: Waiting for purge to start
2019-07-30T19:21:21.785789Z 0 [Note] InnoDB: page_cleaner: 1000ms intended loop took 16245ms. The settings might not be optimal. (flushed=0 and evicted=0, during the time.)
2019-07-30T19:21:21.789128Z 0 [Note] InnoDB: 5.7.23 started; log sequence number 4996502
2019-07-30T19:21:21.791208Z 0 [Note] InnoDB: Loading buffer pool(s) from /var/lib/mysql/ib_buffer_pool
2019-07-30T19:21:21.806738Z 0 [Note] Plugin 'FEDERATED' is disabled.
2019-07-30T19:21:22.124316Z 0 [Warning] Failed to set up SSL because of the following SSL library error: SSL context is not usable without certificate and private key
2019-07-30T19:21:22.124980Z 0 [Note] Server hostname (bind-address): '*'; port: 3306
2019-07-30T19:21:22.125222Z 0 [Note] IPv6 is available.
2019-07-30T19:21:22.125369Z 0 [Note]   - '::' resolves to '::';
2019-07-30T19:21:22.125530Z 0 [Note] Server socket created on IP: '::'.
2019-07-30T19:21:23.216686Z 0 [Warning] Insecure configuration for --pid-file: Location '/var/run/mysqld' in the path is accessible to all OS users. Consider choosing a different directory.
2019-07-30T19:21:24.774919Z 0 [Warning] 'user' entry 'root@localhost' ignored in --skip-name-resolve mode.
2019-07-30T19:21:24.781229Z 0 [Warning] 'user' entry 'mysql.session@localhost' ignored in --skip-name-resolve mode.
2019-07-30T19:21:24.781135Z 0 [Note] InnoDB: Buffer pool(s) load completed at 190730 19:21:24
2019-07-30T19:21:24.784337Z 0 [Warning] 'user' entry 'mysql.sys@localhost' ignored in --skip-name-resolve mode.
2019-07-30T19:21:25.436228Z 0 [Warning] 'db' entry 'performance_schema mysql.session@localhost' ignored in --skip-name-resolve mode.
2019-07-30T19:21:25.436479Z 0 [Warning] 'db' entry 'sys mysql.sys@localhost' ignored in --skip-name-resolve mode.
2019-07-30T19:21:25.720157Z 0 [Warning] 'proxies_priv' entry '@ root@localhost' ignored in --skip-name-resolve mode.
2019-07-30T19:21:26.248601Z 0 [Warning] 'tables_priv' entry 'user mysql.session@localhost' ignored in --skip-name-resolve mode.
2019-07-30T19:21:26.249236Z 0 [Warning] 'tables_priv' entry 'sys_config mysql.sys@localhost' ignored in --skip-name-resolve mode.
2019-07-30T19:21:44.364596Z 0 [Note] Event Scheduler: Loaded 0 events
2019-07-30T19:21:44.388915Z 0 [Note] /usr/sbin/mysqld: ready for connections.
Version: '5.7.23'  socket: '/var/run/mysqld/mysqld.sock'  port: 3306  MySQL Community Server (GPL)
2019-07-30T19:31:16.101611Z 0 [Note] InnoDB: page_cleaner: 1000ms intended loop took 8107ms. The settings might not be optimal. (flushed=20 and evicted=0, during the time.)
2019-07-30T21:08:16.612883Z 0 [Note] Giving 2 client threads a chance to die gracefully
2019-07-30T21:08:16.680788Z 0 [Note] Shutting down slave threads
2019-07-30T21:08:18.871128Z 0 [Note] Forcefully disconnecting 2 remaining clients
2019-07-30T21:08:18.932206Z 0 [Warning] /usr/sbin/mysqld: Forcing close of thread 89  user: 'root'

2019-07-30T21:08:18.932411Z 0 [Warning] /usr/sbin/mysqld: Forcing close of thread 88  user: 'root'

2019-07-30T21:08:18.932570Z 0 [Note] Event Scheduler: Purging the queue. 0 events
2019-07-30T21:08:19.005177Z 0 [Note] Binlog end
2019-07-30T21:08:19.115837Z 0 [Note] Shutting down plugin 'ngram'
2019-07-30T21:08:19.234326Z 0 [Note] Shutting down plugin 'partition'
2019-07-30T21:08:19.237131Z 0 [Note] Shutting down plugin 'BLACKHOLE'
2019-07-30T21:08:19.237386Z 0 [Note] Shutting down plugin 'ARCHIVE'
2019-07-30T21:08:19.237580Z 0 [Note] Shutting down plugin 'PERFORMANCE_SCHEMA'
2019-07-30T21:08:19.264351Z 0 [Note] Shutting down plugin 'MRG_MYISAM'
2019-07-30T21:08:19.265914Z 0 [Note] Shutting down plugin 'MyISAM'
2019-07-30T21:08:19.266172Z 0 [Note] Shutting down plugin 'INNODB_SYS_VIRTUAL'
2019-07-30T21:08:19.268455Z 0 [Note] Shutting down plugin 'INNODB_SYS_DATAFILES'
2019-07-30T21:08:19.268700Z 0 [Note] Shutting down plugin 'INNODB_SYS_TABLESPACES'
2019-07-30T21:08:19.268868Z 0 [Note] Shutting down plugin 'INNODB_SYS_FOREIGN_COLS'
2019-07-30T21:08:19.269024Z 0 [Note] Shutting down plugin 'INNODB_SYS_FOREIGN'
2019-07-30T21:08:19.269187Z 0 [Note] Shutting down plugin 'INNODB_SYS_FIELDS'
2019-07-30T21:08:19.269373Z 0 [Note] Shutting down plugin 'INNODB_SYS_COLUMNS'
2019-07-30T21:08:19.269539Z 0 [Note] Shutting down plugin 'INNODB_SYS_INDEXES'
2019-07-30T21:08:19.269698Z 0 [Note] Shutting down plugin 'INNODB_SYS_TABLESTATS'
2019-07-30T21:08:19.269845Z 0 [Note] Shutting down plugin 'INNODB_SYS_TABLES'
2019-07-30T21:08:19.270014Z 0 [Note] Shutting down plugin 'INNODB_FT_INDEX_TABLE'
2019-07-30T21:08:19.270277Z 0 [Note] Shutting down plugin 'INNODB_FT_INDEX_CACHE'
2019-07-30T21:08:19.270463Z 0 [Note] Shutting down plugin 'INNODB_FT_CONFIG'
2019-07-30T21:08:19.270636Z 0 [Note] Shutting down plugin 'INNODB_FT_BEING_DELETED'
2019-07-30T21:08:19.270779Z 0 [Note] Shutting down plugin 'INNODB_FT_DELETED'
2019-07-30T21:08:19.270932Z 0 [Note] Shutting down plugin 'INNODB_FT_DEFAULT_STOPWORD'
2019-07-30T21:08:19.271180Z 0 [Note] Shutting down plugin 'INNODB_METRICS'
2019-07-30T21:08:19.271374Z 0 [Note] Shutting down plugin 'INNODB_TEMP_TABLE_INFO'
2019-07-30T21:08:19.271520Z 0 [Note] Shutting down plugin 'INNODB_BUFFER_POOL_STATS'
2019-07-30T21:08:19.271659Z 0 [Note] Shutting down plugin 'INNODB_BUFFER_PAGE_LRU'
2019-07-30T21:08:19.271802Z 0 [Note] Shutting down plugin 'INNODB_BUFFER_PAGE'
2019-07-30T21:08:19.350372Z 0 [Note] Shutting down plugin 'INNODB_CMP_PER_INDEX_RESET'
2019-07-30T21:08:19.351752Z 0 [Note] Shutting down plugin 'INNODB_CMP_PER_INDEX'
2019-07-30T21:08:19.351972Z 0 [Note] Shutting down plugin 'INNODB_CMPMEM_RESET'
2019-07-30T21:08:19.352148Z 0 [Note] Shutting down plugin 'INNODB_CMPMEM'
2019-07-30T21:08:19.353974Z 0 [Note] Shutting down plugin 'INNODB_CMP_RESET'
2019-07-30T21:08:19.376868Z 0 [Note] Shutting down plugin 'INNODB_CMP'
2019-07-30T21:08:19.402729Z 0 [Note] Shutting down plugin 'INNODB_LOCK_WAITS'
2019-07-30T21:08:19.403577Z 0 [Note] Shutting down plugin 'INNODB_LOCKS'
2019-07-30T21:08:19.403951Z 0 [Note] Shutting down plugin 'INNODB_TRX'
2019-07-30T21:08:19.404652Z 0 [Note] Shutting down plugin 'InnoDB'
2019-07-30T21:08:19.478937Z 0 [Note] InnoDB: FTS optimize thread exiting.
2019-07-30T21:08:19.495892Z 0 [Note] InnoDB: Starting shutdown...
2019-07-30T21:08:19.598259Z 0 [Note] InnoDB: Dumping buffer pool(s) to /var/lib/mysql/ib_buffer_pool
2019-07-30T21:08:19.661620Z 0 [Note] InnoDB: Buffer pool(s) dump completed at 190730 21:08:19
2019-07-30T21:08:21.808105Z 0 [Note] InnoDB: Shutdown completed; log sequence number 5448296
2019-07-30T21:15:31.310279Z 0 [Warning] TIMESTAMP with implicit DEFAULT value is deprecated. Please use --explicit_defaults_for_timestamp server option (see documentation for more details).
2019-07-30T21:15:31.330025Z 0 [Note] /usr/sbin/mysqld (mysqld 5.7.23) starting as process 130 ...
2019-07-30T21:15:31.636546Z 0 [Note] InnoDB: PUNCH HOLE support available
2019-07-30T21:15:31.641883Z 0 [Note] InnoDB: Mutexes and rw_locks use GCC atomic builtins
2019-07-30T21:15:31.642760Z 0 [Note] InnoDB: Uses event mutexes
2019-07-30T21:15:31.643022Z 0 [Note] InnoDB: GCC builtin __atomic_thread_fence() is used for memory barrier
2019-07-30T21:15:31.643158Z 0 [Note] InnoDB: Compressed tables use zlib 1.2.3
2019-07-30T21:15:31.643306Z 0 [Note] InnoDB: Using Linux native AIO
2019-07-30T21:15:31.644224Z 0 [Note] InnoDB: Number of pools: 1
2019-07-30T21:15:31.646161Z 0 [Note] InnoDB: Using CPU crc32 instructions
2019-07-30T21:15:31.715651Z 0 [Note] InnoDB: Initializing buffer pool, total size = 32M, instances = 1, chunk size = 32M
2019-07-30T21:15:31.802485Z 0 [Note] InnoDB: Completed initialization of buffer pool
2019-07-30T21:15:31.815142Z 0 [Note] InnoDB: If the mysqld execution user is authorized, page cleaner thread priority can be changed. See the man page of setpriority().
2019-07-30T21:15:31.899327Z 0 [Note] InnoDB: Highest supported file format is Barracuda.
2019-07-30T21:15:32.595400Z 0 [Note] InnoDB: Removed temporary tablespace data file: "ibtmp1"
2019-07-30T21:15:32.596149Z 0 [Note] InnoDB: Creating shared tablespace for temporary tables
2019-07-30T21:15:32.597167Z 0 [Note] InnoDB: Setting file './ibtmp1' size to 12 MB. Physically writing the file full; Please wait ...
2019-07-30T21:15:33.103943Z 0 [Note] InnoDB: File './ibtmp1' size is now 12 MB.
2019-07-30T21:15:33.107753Z 0 [Note] InnoDB: 96 redo rollback segment(s) found. 96 redo rollback segment(s) are active.
2019-07-30T21:15:33.108247Z 0 [Note] InnoDB: 32 non-redo rollback segment(s) are active.
2019-07-30T21:15:33.112022Z 0 [Note] InnoDB: Waiting for purge to start
2019-07-30T21:15:33.195323Z 0 [Note] InnoDB: 5.7.23 started; log sequence number 5448296
2019-07-30T21:15:33.198175Z 0 [Note] Plugin 'FEDERATED' is disabled.
2019-07-30T21:15:33.198533Z 0 [Note] InnoDB: Loading buffer pool(s) from /var/lib/mysql/ib_buffer_pool
2019-07-30T21:15:33.910995Z 0 [Warning] Failed to set up SSL because of the following SSL library error: SSL context is not usable without certificate and private key
2019-07-30T21:15:33.928665Z 0 [Note] Server hostname (bind-address): '*'; port: 3306
2019-07-30T21:15:33.992707Z 0 [Note] IPv6 is available.
2019-07-30T21:15:33.994173Z 0 [Note]   - '::' resolves to '::';
2019-07-30T21:15:33.994594Z 0 [Note] Server socket created on IP: '::'.
2019-07-30T21:15:34.077189Z 0 [Warning] Insecure configuration for --pid-file: Location '/var/run/mysqld' in the path is accessible to all OS users. Consider choosing a different directory.
2019-07-30T21:15:34.183584Z 0 [Warning] 'user' entry 'root@localhost' ignored in --skip-name-resolve mode.
2019-07-30T21:15:34.184575Z 0 [Warning] 'user' entry 'mysql.session@localhost' ignored in --skip-name-resolve mode.
2019-07-30T21:15:34.185149Z 0 [Warning] 'user' entry 'mysql.sys@localhost' ignored in --skip-name-resolve mode.
2019-07-30T21:15:34.199087Z 0 [Warning] 'db' entry 'performance_schema mysql.session@localhost' ignored in --skip-name-resolve mode.
2019-07-30T21:15:34.227630Z 0 [Warning] 'db' entry 'sys mysql.sys@localhost' ignored in --skip-name-resolve mode.
2019-07-30T21:15:34.234695Z 0 [Warning] 'proxies_priv' entry '@ root@localhost' ignored in --skip-name-resolve mode.
2019-07-30T21:15:34.335016Z 0 [Warning] 'tables_priv' entry 'user mysql.session@localhost' ignored in --skip-name-resolve mode.
2019-07-30T21:15:34.335345Z 0 [Warning] 'tables_priv' entry 'sys_config mysql.sys@localhost' ignored in --skip-name-resolve mode.
2019-07-30T21:15:34.500774Z 0 [Note] InnoDB: Buffer pool(s) load completed at 190730 21:15:34
2019-07-30T21:15:35.078120Z 0 [Note] Event Scheduler: Loaded 0 events
2019-07-30T21:15:35.083663Z 0 [Note] /usr/sbin/mysqld: ready for connections.
Version: '5.7.23'  socket: '/var/run/mysqld/mysqld.sock'  port: 3306  MySQL Community Server (GPL)
2019-07-30T21:49:56.931761Z 0 [Note] InnoDB: page_cleaner: 1000ms intended loop took 4661ms. The settings might not be optimal. (flushed=0 and evicted=0, during the time.)
2019-07-31T06:03:37.236584Z 0 [Note] InnoDB: page_cleaner: 1000ms intended loop took 29615304ms. The settings might not be optimal. (flushed=0 and evicted=0, during the time.)
2019-07-31T07:12:50.244601Z 0 [Note] InnoDB: page_cleaner: 1000ms intended loop took 6600ms. The settings might not be optimal. (flushed=0 and evicted=0, during the time.)
2019-07-31T10:21:07.060320Z 0 [Note] InnoDB: page_cleaner: 1000ms intended loop took 4761ms. The settings might not be optimal. (flushed=0 and evicted=0, during the time.)
2019-07-31T11:00:57.219324Z 0 [Note] InnoDB: page_cleaner: 1000ms intended loop took 22956ms. The settings might not be optimal. (flushed=0 and evicted=0, during the time.)
2019-07-31T12:01:59.462609Z 0 [Note] InnoDB: page_cleaner: 1000ms intended loop took 3660243ms. The settings might not be optimal. (flushed=0 and evicted=0, during the time.)
2019-07-31T12:35:26.125141Z 0 [Note] Giving 0 client threads a chance to die gracefully
2019-07-31T12:35:26.135713Z 0 [Note] Shutting down slave threads
2019-07-31T12:35:26.135915Z 0 [Note] Forcefully disconnecting 0 remaining clients
2019-07-31T12:35:26.136653Z 0 [Note] Event Scheduler: Purging the queue. 0 events
2019-07-31T12:35:26.136973Z 0 [Note] Binlog end
2019-07-31T12:35:26.341051Z 0 [Note] Shutting down plugin 'ngram'
2019-07-31T12:35:26.386068Z 0 [Note] Shutting down plugin 'partition'
2019-07-31T12:35:26.386355Z 0 [Note] Shutting down plugin 'BLACKHOLE'
2019-07-31T12:35:26.386539Z 0 [Note] Shutting down plugin 'ARCHIVE'
2019-07-31T12:35:26.386712Z 0 [Note] Shutting down plugin 'PERFORMANCE_SCHEMA'
2019-07-31T12:35:26.386990Z 0 [Note] Shutting down plugin 'MRG_MYISAM'
2019-07-31T12:35:26.387178Z 0 [Note] Shutting down plugin 'MyISAM'
2019-07-31T12:35:26.387362Z 0 [Note] Shutting down plugin 'INNODB_SYS_VIRTUAL'
2019-07-31T12:35:26.417014Z 0 [Note] Shutting down plugin 'INNODB_SYS_DATAFILES'
2019-07-31T12:35:26.417279Z 0 [Note] Shutting down plugin 'INNODB_SYS_TABLESPACES'
2019-07-31T12:35:26.417433Z 0 [Note] Shutting down plugin 'INNODB_SYS_FOREIGN_COLS'
2019-07-31T12:35:26.417574Z 0 [Note] Shutting down plugin 'INNODB_SYS_FOREIGN'
2019-07-31T12:35:26.417713Z 0 [Note] Shutting down plugin 'INNODB_SYS_FIELDS'
2019-07-31T12:35:26.417861Z 0 [Note] Shutting down plugin 'INNODB_SYS_COLUMNS'
2019-07-31T12:35:26.418035Z 0 [Note] Shutting down plugin 'INNODB_SYS_INDEXES'
2019-07-31T12:35:26.418173Z 0 [Note] Shutting down plugin 'INNODB_SYS_TABLESTATS'
2019-07-31T12:35:26.418312Z 0 [Note] Shutting down plugin 'INNODB_SYS_TABLES'
2019-07-31T12:35:26.418446Z 0 [Note] Shutting down plugin 'INNODB_FT_INDEX_TABLE'
2019-07-31T12:35:26.418583Z 0 [Note] Shutting down plugin 'INNODB_FT_INDEX_CACHE'
2019-07-31T12:35:26.418723Z 0 [Note] Shutting down plugin 'INNODB_FT_CONFIG'
2019-07-31T12:35:26.418883Z 0 [Note] Shutting down plugin 'INNODB_FT_BEING_DELETED'
2019-07-31T12:35:26.419021Z 0 [Note] Shutting down plugin 'INNODB_FT_DELETED'
2019-07-31T12:35:26.419158Z 0 [Note] Shutting down plugin 'INNODB_FT_DEFAULT_STOPWORD'
2019-07-31T12:35:26.419298Z 0 [Note] Shutting down plugin 'INNODB_METRICS'
2019-07-31T12:35:26.419437Z 0 [Note] Shutting down plugin 'INNODB_TEMP_TABLE_INFO'
2019-07-31T12:35:26.419569Z 0 [Note] Shutting down plugin 'INNODB_BUFFER_POOL_STATS'
2019-07-31T12:35:26.419701Z 0 [Note] Shutting down plugin 'INNODB_BUFFER_PAGE_LRU'
2019-07-31T12:35:26.419870Z 0 [Note] Shutting down plugin 'INNODB_BUFFER_PAGE'
2019-07-31T12:35:26.423630Z 0 [Note] Shutting down plugin 'INNODB_CMP_PER_INDEX_RESET'
2019-07-31T12:35:26.425111Z 0 [Note] Shutting down plugin 'INNODB_CMP_PER_INDEX'
2019-07-31T12:35:26.425353Z 0 [Note] Shutting down plugin 'INNODB_CMPMEM_RESET'
2019-07-31T12:35:26.425506Z 0 [Note] Shutting down plugin 'INNODB_CMPMEM'
2019-07-31T12:35:26.425666Z 0 [Note] Shutting down plugin 'INNODB_CMP_RESET'
2019-07-31T12:35:26.425820Z 0 [Note] Shutting down plugin 'INNODB_CMP'
2019-07-31T12:35:26.427806Z 0 [Note] Shutting down plugin 'INNODB_LOCK_WAITS'
2019-07-31T12:35:26.436320Z 0 [Note] Shutting down plugin 'INNODB_LOCKS'
2019-07-31T12:35:26.445497Z 0 [Note] Shutting down plugin 'INNODB_TRX'
2019-07-31T12:35:26.445706Z 0 [Note] Shutting down plugin 'InnoDB'
2019-07-31T12:35:26.451066Z 0 [Note] InnoDB: FTS optimize thread exiting.
2019-07-31T12:35:26.469186Z 0 [Note] InnoDB: Starting shutdown...
2019-07-31T12:35:26.650066Z 0 [Note] InnoDB: Dumping buffer pool(s) to /var/lib/mysql/ib_buffer_pool
2019-07-31T12:35:27.074431Z 0 [Note] InnoDB: Buffer pool(s) dump completed at 190731 12:35:27
2019-07-31T12:35:29.370415Z 0 [Note] InnoDB: Shutdown completed; log sequence number 5524927
2019-07-31T12:35:29.416603Z 0 [Note] InnoDB: Removed temporary tablespace data file: "ibtmp1"
2019-07-31T12:35:29.466815Z 0 [Note] Shutting down plugin 'MEMORY'
2019-07-31T12:35:29.467063Z 0 [Note] Shutting down plugin 'CSV'
2019-07-31T12:35:29.467310Z 0 [Note] Shutting down plugin 'sha256_password'
2019-07-31T12:35:29.467850Z 0 [Note] Shutting down plugin 'mysql_native_password'
2019-07-31T12:35:29.472244Z 0 [Note] Shutting down plugin 'binlog'
2019-07-31T12:35:29.599035Z 0 [Note] /usr/sbin/mysqld: Shutdown complete

2019-08-01T06:55:09.931766Z 0 [Warning] TIMESTAMP with implicit DEFAULT value is deprecated. Please use --explicit_defaults_for_timestamp server option (see documentation for more details).
2019-08-01T06:55:10.165149Z 0 [Note] /usr/sbin/mysqld (mysqld 5.7.23) starting as process 184 ...
2019-08-01T06:55:12.010291Z 0 [Note] InnoDB: PUNCH HOLE support available
2019-08-01T06:55:12.010741Z 0 [Note] InnoDB: Mutexes and rw_locks use GCC atomic builtins
2019-08-01T06:55:12.011430Z 0 [Note] InnoDB: Uses event mutexes
2019-08-01T06:55:12.011693Z 0 [Note] InnoDB: GCC builtin __atomic_thread_fence() is used for memory barrier
2019-08-01T06:55:12.012656Z 0 [Note] InnoDB: Compressed tables use zlib 1.2.3
2019-08-01T06:55:12.012818Z 0 [Note] InnoDB: Using Linux native AIO
2019-08-01T06:55:12.130890Z 0 [Note] InnoDB: Number of pools: 1
2019-08-01T06:55:12.353049Z 0 [Note] InnoDB: Using CPU crc32 instructions
2019-08-01T06:55:12.467330Z 0 [Note] InnoDB: Initializing buffer pool, total size = 32M, instances = 1, chunk size = 32M
2019-08-01T06:55:12.551763Z 0 [Note] InnoDB: Completed initialization of buffer pool
2019-08-01T06:55:12.558516Z 0 [Note] InnoDB: If the mysqld execution user is authorized, page cleaner thread priority can be changed. See the man page of setpriority().
2019-08-01T06:55:13.110458Z 0 [Note] InnoDB: Highest supported file format is Barracuda.
2019-08-01T06:55:20.073935Z 0 [Note] InnoDB: Creating shared tablespace for temporary tables
2019-08-01T06:55:20.074469Z 0 [Note] InnoDB: Setting file './ibtmp1' size to 12 MB. Physically writing the file full; Please wait ...
2019-08-01T06:55:22.114258Z 0 [Note] InnoDB: File './ibtmp1' size is now 12 MB.
2019-08-01T06:55:22.116268Z 0 [Note] InnoDB: 96 redo rollback segment(s) found. 96 redo rollback segment(s) are active.
2019-08-01T06:55:22.116598Z 0 [Note] InnoDB: 32 non-redo rollback segment(s) are active.
2019-08-01T06:55:22.118545Z 0 [Note] InnoDB: Waiting for purge to start
2019-08-01T06:55:22.169629Z 0 [Note] InnoDB: page_cleaner: 1000ms intended loop took 9611ms. The settings might not be optimal. (flushed=0 and evicted=0, during the time.)
2019-08-01T06:55:22.170956Z 0 [Note] InnoDB: 5.7.23 started; log sequence number 5524927
2019-08-01T06:55:22.172409Z 0 [Note] InnoDB: Loading buffer pool(s) from /var/lib/mysql/ib_buffer_pool
2019-08-01T06:55:22.291300Z 0 [Note] Plugin 'FEDERATED' is disabled.
2019-08-01T06:55:23.085569Z 0 [Warning] Failed to set up SSL because of the following SSL library error: SSL context is not usable without certificate and private key
2019-08-01T06:55:23.086326Z 0 [Note] Server hostname (bind-address): '*'; port: 3306
2019-08-01T06:55:23.214847Z 0 [Note] IPv6 is available.
2019-08-01T06:55:23.220931Z 0 [Note]   - '::' resolves to '::';
2019-08-01T06:55:23.221257Z 0 [Note] Server socket created on IP: '::'.
2019-08-01T06:55:23.387259Z 0 [Warning] Insecure configuration for --pid-file: Location '/var/run/mysqld' in the path is accessible to all OS users. Consider choosing a different directory.
2019-08-01T06:55:25.014092Z 0 [Warning] 'user' entry 'root@localhost' ignored in --skip-name-resolve mode.
2019-08-01T06:55:25.014881Z 0 [Warning] 'user' entry 'mysql.session@localhost' ignored in --skip-name-resolve mode.
2019-08-01T06:55:25.015234Z 0 [Warning] 'user' entry 'mysql.sys@localhost' ignored in --skip-name-resolve mode.
2019-08-01T06:55:25.367281Z 0 [Warning] 'db' entry 'performance_schema mysql.session@localhost' ignored in --skip-name-resolve mode.
2019-08-01T06:55:25.367709Z 0 [Warning] 'db' entry 'sys mysql.sys@localhost' ignored in --skip-name-resolve mode.
2019-08-01T06:55:25.583415Z 0 [Warning] 'proxies_priv' entry '@ root@localhost' ignored in --skip-name-resolve mode.
2019-08-01T06:55:26.100393Z 0 [Note] InnoDB: Buffer pool(s) load completed at 190801  6:55:26
2019-08-01T06:55:26.592353Z 0 [Warning] 'tables_priv' entry 'user mysql.session@localhost' ignored in --skip-name-resolve mode.
2019-08-01T06:55:26.592722Z 0 [Warning] 'tables_priv' entry 'sys_config mysql.sys@localhost' ignored in --skip-name-resolve mode.
2019-08-01T06:55:27.192792Z 0 [Note] Event Scheduler: Loaded 0 events
2019-08-01T06:55:27.196866Z 0 [Note] /usr/sbin/mysqld: ready for connections.
Version: '5.7.23'  socket: '/var/run/mysqld/mysqld.sock'  port: 3306  MySQL Community Server (GPL)
2019-08-01T06:56:33.921589Z 0 [Note] InnoDB: page_cleaner: 1000ms intended loop took 5411ms. The settings might not be optimal. (flushed=20 and evicted=0, during the time.)
2019-08-01T08:12:02.245364Z 0 [Note] InnoDB: page_cleaner: 1000ms intended loop took 3363846ms. The settings might not be optimal. (flushed=0 and evicted=0, during the time.)
2019-08-01T09:21:59.550486Z 0 [Note] InnoDB: page_cleaner: 1000ms intended loop took 1936086ms. The settings might not be optimal. (flushed=0 and evicted=0, during the time.)
